<?xml version="1.0" encoding="UTF-8"?>
<testng-results skipped="0" failed="0" ignored="0" total="3" passed="3">
  <reporter-output>
  </reporter-output>
  <suite name="Default suite" duration-ms="85" started-at="2019-01-29T17:31:36Z" finished-at="2019-01-29T17:31:36Z">
    <groups>
    </groups>
    <test name="Default test" duration-ms="85" started-at="2019-01-29T17:31:36Z" finished-at="2019-01-29T17:31:36Z">
      <class name="Testng.testng2">
        <test-method status="PASS" signature="add()[pri:0, instance:Testng.testng2@1933fd1]" name="add" duration-ms="19" started-at="2019-01-29T23:01:36Z" finished-at="2019-01-29T23:01:36Z">
          <reporter-output>
          </reporter-output>
        </test-method> <!-- add -->
        <test-method status="PASS" signature="div()[pri:0, instance:Testng.testng2@1933fd1]" name="div" duration-ms="2" started-at="2019-01-29T23:01:36Z" finished-at="2019-01-29T23:01:36Z">
          <reporter-output>
          </reporter-output>
        </test-method> <!-- div -->
        <test-method status="PASS" signature="sub()[pri:0, instance:Testng.testng2@1933fd1]" name="sub" duration-ms="3" started-at="2019-01-29T23:01:36Z" finished-at="2019-01-29T23:01:36Z">
          <reporter-output>
          </reporter-output>
        </test-method> <!-- sub -->
      </class> <!-- Testng.testng2 -->
    </test> <!-- Default test -->
  </suite> <!-- Default suite -->
</testng-results>
